\BOOKMARK [0][-]{chapter*.1}{\376\377\000E\000r\000k\000l\000\344\000r\000u\000n\000g}{}% 1
\BOOKMARK [0][-]{chapter*.3}{\376\377\000K\000u\000r\000z\000f\000a\000s\000s\000u\000n\000g}{}% 2
\BOOKMARK [0][-]{chapter*.4}{\376\377\000A\000b\000s\000t\000r\000a\000c\000t}{}% 3
\BOOKMARK [0][-]{chapter.1}{\376\377\000E\000i\000n\000l\000e\000i\000t\000u\000n\000g}{}% 4
\BOOKMARK [1][-]{section.1.1}{\376\377\000M\000o\000t\000i\000v\000a\000t\000i\000o\000n}{chapter.1}% 5
\BOOKMARK [1][-]{section.1.2}{\376\377\000Z\000i\000e\000l}{chapter.1}% 6
\BOOKMARK [1][-]{section.1.3}{\376\377\000A\000u\000f\000b\000a\000u}{chapter.1}% 7
\BOOKMARK [0][-]{chapter.2}{\376\377\000G\000r\000u\000n\000d\000l\000a\000g\000e\000n\000\040\000d\000e\000r\000\040\000P\000l\000u\000g\000i\000n\000-\000E\000n\000t\000w\000i\000c\000k\000l\000u\000n\000g}{}% 8
\BOOKMARK [1][-]{section.2.1}{\376\377\000E\000n\000t\000w\000i\000c\000k\000l\000u\000n\000g\000s\000u\000m\000g\000e\000b\000u\000n\000g\000e\000n}{chapter.2}% 9
\BOOKMARK [2][-]{subsection.2.1.1}{\376\377\000V\000i\000s\000u\000a\000l\000\040\000S\000t\000u\000d\000i\000o\000\040\000C\000o\000d\000e}{section.2.1}% 10
\BOOKMARK [2][-]{subsection.2.1.2}{\376\377\000I\000n\000t\000e\000l\000l\000i\000J\000\040\000I\000D\000E\000A}{section.2.1}% 11
\BOOKMARK [1][-]{section.2.2}{\376\377\000P\000r\000o\000g\000r\000a\000m\000m\000i\000e\000r\000s\000p\000r\000a\000c\000h\000e\000n}{chapter.2}% 12
\BOOKMARK [2][-]{subsection.2.2.1}{\376\377\000T\000y\000p\000e\000S\000c\000r\000i\000p\000t}{section.2.2}% 13
\BOOKMARK [2][-]{subsection.2.2.2}{\376\377\000J\000a\000v\000a}{section.2.2}% 14
\BOOKMARK [1][-]{section.2.3}{\376\377\000A\000u\000f\000b\000a\000u\000\040\000d\000e\000r\000\040\000P\000l\000u\000g\000i\000n\000\040\000A\000P\000I}{chapter.2}% 15
\BOOKMARK [2][-]{subsection.2.3.1}{\376\377\000V\000i\000s\000u\000a\000l\000\040\000S\000t\000u\000d\000i\000o\000\040\000C\000o\000d\000e}{section.2.3}% 16
\BOOKMARK [2][-]{subsection.2.3.2}{\376\377\000I\000n\000t\000e\000l\000l\000i\000J\000\040\000I\000D\000E\000A}{section.2.3}% 17
\BOOKMARK [1][-]{section.2.4}{\376\377\000F\000u\000n\000k\000t\000i\000o\000n\000a\000l\000i\000t\000\344\000t\000\040\000d\000e\000r\000\040\000P\000l\000u\000g\000i\000n\000\040\000A\000P\000I}{chapter.2}% 18
\BOOKMARK [2][-]{subsection.2.4.1}{\376\377\000V\000i\000s\000u\000a\000l\000\040\000S\000t\000u\000d\000i\000o\000\040\000C\000o\000d\000e}{section.2.4}% 19
\BOOKMARK [2][-]{subsection.2.4.2}{\376\377\000I\000n\000t\000e\000l\000l\000i\000J\000\040\000I\000D\000E\000A}{section.2.4}% 20
\BOOKMARK [2][-]{subsection.2.4.3}{\376\377\000I\000n\000t\000e\000l\000l\000i\000J\000\040\000F\000l\000o\000r\000a\000\040\000P\000l\000u\000g\000i\000n\000s}{section.2.4}% 21
\BOOKMARK [0][-]{chapter.3}{\376\377\000A\000n\000f\000o\000r\000d\000e\000r\000u\000n\000g\000e\000n\000\040\000a\000n\000\040\000d\000e\000n\000\040\000P\000r\000o\000t\000o\000t\000y\000p}{}% 22
\BOOKMARK [1][-]{section.3.1}{\376\377\000A\000u\000f\000b\000a\000u}{chapter.3}% 23
\BOOKMARK [2][-]{subsection.3.1.1}{\376\377\000B\000e\000m\000e\000r\000k\000e\000n\000\040\000v\000o\000n\000\040\000T\000e\000x\000t\000\344\000n\000d\000e\000r\000u\000n\000g\000e\000n}{section.3.1}% 24
\BOOKMARK [2][-]{subsection.3.1.2}{\376\377\000A\000n\000w\000e\000n\000d\000e\000n\000\040\000v\000o\000n\000\040\000\304\000n\000d\000e\000r\000u\000n\000g\000e\000n\000\040\000a\000u\000f\000\040\000B\000e\000f\000e\000h\000l}{section.3.1}% 25
\BOOKMARK [2][-]{subsection.3.1.3}{\376\377\000A\000n\000w\000e\000n\000d\000e\000n\000\040\000v\000o\000n\000\040\000\304\000n\000d\000e\000r\000u\000n\000g\000e\000n\000\040\000d\000u\000r\000c\000h\000\040\000T\000a\000s\000t\000e\000n\000k\000o\000m\000b\000i\000n\000a\000t\000i\000o\000n}{section.3.1}% 26
\BOOKMARK [2][-]{subsection.3.1.4}{\376\377\000V\000e\000r\000g\000e\000s\000s\000e\000n\000\040\000v\000o\000n\000\040\000a\000l\000t\000e\000n\000\040\000\304\000n\000d\000e\000r\000u\000n\000g\000e\000n}{section.3.1}% 27
\BOOKMARK [2][-]{subsection.3.1.5}{\376\377\000A\000u\000t\000o\000m\000a\000t\000i\000s\000c\000h\000e\000\040\000C\000o\000d\000e\000v\000e\000r\000v\000o\000l\000l\000s\000t\000\344\000n\000d\000i\000g\000u\000n\000g}{section.3.1}% 28
\BOOKMARK [2][-]{subsection.3.1.6}{\376\377\000A\000n\000z\000e\000i\000g\000e\000\040\000d\000e\000r\000\040\000\304\000n\000d\000e\000r\000u\000n\000g\000e\000n}{section.3.1}% 29
\BOOKMARK [2][-]{subsection.3.1.7}{\376\377\000E\000i\000n\000s\000t\000e\000l\000l\000u\000n\000g\000e\000n}{section.3.1}% 30
\BOOKMARK [2][-]{subsection.3.1.8}{\376\377\000T\000e\000s\000t\000s}{section.3.1}% 31
\BOOKMARK [0][-]{chapter.4}{\376\377\000E\000n\000t\000w\000i\000c\000k\000l\000u\000n\000g\000\040\000d\000e\000s\000\040\000P\000r\000o\000t\000o\000t\000p\000y\000s\000\040\000f\000\374\000r\000\040\000V\000i\000s\000u\000a\000l\000\040\000S\000t\000u\000d\000i\000o\000\040\000C\000o\000d\000e}{}% 32
\BOOKMARK [1][-]{section.4.1}{\376\377\000D\000e\000s\000i\000g\000n}{chapter.4}% 33
\BOOKMARK [1][-]{section.4.2}{\376\377\000I\000m\000p\000l\000e\000m\000e\000n\000t\000i\000e\000r\000u\000n\000g}{chapter.4}% 34
\BOOKMARK [2][-]{subsection.4.2.1}{\376\377\000A\000u\000f\000s\000e\000t\000z\000e\000n\000\040\000d\000e\000s\000\040\000P\000r\000o\000j\000e\000k\000t\000e\000s}{section.4.2}% 35
\BOOKMARK [2][-]{subsection.4.2.2}{\376\377\000E\000n\000t\000w\000i\000c\000k\000l\000u\000n\000g}{section.4.2}% 36
\BOOKMARK [1][-]{section.4.3}{\376\377\000T\000e\000s\000t\000s}{chapter.4}% 37
\BOOKMARK [1][-]{section.4.4}{\376\377\000P\000u\000b\000l\000i\000s\000h\000i\000n\000g}{chapter.4}% 38
\BOOKMARK [1][-]{section.4.5}{\376\377\000C\000I\000/\000C\000D}{chapter.4}% 39
\BOOKMARK [0][-]{chapter.5}{\376\377\000E\000n\000t\000w\000i\000c\000k\000l\000u\000n\000g\000\040\000d\000e\000s\000\040\000P\000r\000o\000t\000o\000t\000p\000y\000s\000\040\000f\000\374\000r\000\040\000I\000n\000t\000e\000l\000l\000i\000J}{}% 40
\BOOKMARK [1][-]{section.5.1}{\376\377\000D\000e\000s\000i\000g\000n}{chapter.5}% 41
\BOOKMARK [1][-]{section.5.2}{\376\377\000I\000m\000p\000l\000e\000m\000e\000n\000t\000i\000e\000r\000u\000n\000g}{chapter.5}% 42
\BOOKMARK [2][-]{subsection.5.2.1}{\376\377\000A\000u\000f\000s\000e\000t\000z\000e\000n\000\040\000d\000e\000s\000\040\000P\000r\000o\000j\000e\000k\000t\000e\000s}{section.5.2}% 43
\BOOKMARK [2][-]{subsection.5.2.2}{\376\377\000E\000n\000t\000w\000i\000c\000k\000l\000u\000n\000g}{section.5.2}% 44
\BOOKMARK [1][-]{section.5.3}{\376\377\000T\000e\000s\000t\000s}{chapter.5}% 45
\BOOKMARK [1][-]{section.5.4}{\376\377\000P\000u\000b\000l\000i\000s\000h\000i\000n\000g}{chapter.5}% 46
\BOOKMARK [1][-]{section.5.5}{\376\377\000C\000I\000/\000C\000D}{chapter.5}% 47
\BOOKMARK [0][-]{chapter.6}{\376\377\000B\000e\000w\000e\000r\000t\000u\000n\000g\000s\000k\000r\000i\000t\000e\000r\000i\000e\000n}{}% 48
\BOOKMARK [1][-]{section.6.1}{\376\377\000P\000o\000p\000u\000l\000a\000r\000i\000t\000\344\000t\000\040\000d\000e\000r\000\040\000E\000n\000t\000w\000i\000c\000k\000l\000u\000n\000g\000s\000u\000m\000g\000e\000b\000u\000n\000g}{chapter.6}% 49
\BOOKMARK [2][-]{subsection.6.1.1}{\376\377\000V\000i\000s\000u\000a\000l\000\040\000S\000t\000u\000d\000i\000o\000\040\000C\000o\000d\000e}{section.6.1}% 50
\BOOKMARK [2][-]{subsection.6.1.2}{\376\377\000I\000n\000t\000e\000l\000l\000i\000J\000\040\000I\000D\000E\000A}{section.6.1}% 51
\BOOKMARK [1][-]{section.6.2}{\376\377\000P\000e\000r\000f\000o\000r\000m\000a\000n\000c\000e}{chapter.6}% 52
\BOOKMARK [2][-]{subsection.6.2.1}{\376\377\000V\000i\000s\000u\000a\000l\000\040\000S\000t\000u\000d\000i\000o\000\040\000C\000o\000d\000e}{section.6.2}% 53
\BOOKMARK [2][-]{subsection.6.2.2}{\376\377\000I\000n\000t\000e\000l\000l\000i\000J\000\040\000I\000D\000E\000A}{section.6.2}% 54
\BOOKMARK [1][-]{section.6.3}{\376\377\000F\000e\000a\000t\000u\000r\000e\000\040\000U\000m\000f\000a\000n\000g}{chapter.6}% 55
\BOOKMARK [2][-]{subsection.6.3.1}{\376\377\000V\000i\000s\000u\000a\000l\000\040\000S\000t\000u\000d\000i\000o\000\040\000C\000o\000d\000e}{section.6.3}% 56
\BOOKMARK [2][-]{subsection.6.3.2}{\376\377\000I\000n\000t\000e\000l\000l\000i\000J\000\040\000I\000D\000E\000A}{section.6.3}% 57
\BOOKMARK [1][-]{section.6.4}{\376\377\000I\000n\000t\000u\000i\000t\000i\000v\000i\000t\000\344\000t\000\040\000d\000e\000r\000\040\000A\000P\000I}{chapter.6}% 58
\BOOKMARK [2][-]{subsection.6.4.1}{\376\377\000V\000i\000s\000u\000a\000l\000\040\000S\000t\000u\000d\000i\000o\000\040\000C\000o\000d\000e}{section.6.4}% 59
\BOOKMARK [2][-]{subsection.6.4.2}{\376\377\000I\000n\000t\000e\000l\000l\000i\000J\000\040\000I\000D\000E\000A}{section.6.4}% 60
\BOOKMARK [1][-]{section.6.5}{\376\377\000D\000o\000k\000u\000m\000e\000n\000t\000a\000t\000i\000o\000n\000\040\000d\000e\000r\000\040\000A\000P\000I}{chapter.6}% 61
\BOOKMARK [2][-]{subsection.6.5.1}{\376\377\000V\000i\000s\000u\000a\000l\000\040\000S\000t\000u\000d\000i\000o\000\040\000C\000o\000d\000e}{section.6.5}% 62
\BOOKMARK [2][-]{subsection.6.5.2}{\376\377\000I\000n\000t\000e\000l\000l\000i\000J\000\040\000I\000D\000E\000A}{section.6.5}% 63
\BOOKMARK [1][-]{section.6.6}{\376\377\000T\000e\000s\000t\000b\000a\000r\000k\000e\000i\000t\000\040\000d\000e\000s\000\040\000P\000l\000u\000g\000i\000n\000s}{chapter.6}% 64
\BOOKMARK [2][-]{subsection.6.6.1}{\376\377\000V\000i\000s\000u\000a\000l\000\040\000S\000t\000u\000d\000i\000o\000\040\000C\000o\000d\000e}{section.6.6}% 65
\BOOKMARK [2][-]{subsection.6.6.2}{\376\377\000I\000n\000t\000e\000l\000l\000i\000J\000\040\000I\000D\000E\000A}{section.6.6}% 66
\BOOKMARK [1][-]{section.6.7}{\376\377\000M\000\366\000g\000l\000i\000c\000h\000k\000e\000i\000t\000e\000n\000\040\000d\000e\000s\000\040\000P\000u\000b\000l\000i\000s\000h\000i\000n\000g\000s}{chapter.6}% 67
\BOOKMARK [2][-]{subsection.6.7.1}{\376\377\000V\000i\000s\000u\000a\000l\000\040\000S\000t\000u\000d\000i\000o\000\040\000C\000o\000d\000e}{section.6.7}% 68
\BOOKMARK [2][-]{subsection.6.7.2}{\376\377\000I\000n\000t\000e\000l\000l\000i\000J\000\040\000I\000D\000E\000A}{section.6.7}% 69
\BOOKMARK [1][-]{section.6.8}{\376\377\000I\000n\000s\000t\000a\000l\000l\000a\000t\000i\000o\000n\000s\000p\000r\000o\000z\000e\000s\000s\000\040\000d\000e\000s\000\040\000P\000l\000u\000g\000i\000n\000s}{chapter.6}% 70
\BOOKMARK [2][-]{subsection.6.8.1}{\376\377\000V\000i\000s\000u\000a\000l\000\040\000S\000t\000u\000d\000i\000o\000\040\000C\000o\000d\000e}{section.6.8}% 71
\BOOKMARK [2][-]{subsection.6.8.2}{\376\377\000I\000n\000t\000e\000l\000l\000i\000J\000\040\000I\000D\000E\000A}{section.6.8}% 72
\BOOKMARK [0][-]{chapter.7}{\376\377\000V\000e\000r\000g\000l\000e\000i\000c\000h\000\040\000d\000e\000r\000\040\000K\000r\000i\000t\000e\000r\000i\000e\000n}{}% 73
\BOOKMARK [1][-]{section.7.1}{\376\377\000P\000o\000p\000u\000l\000a\000r\000i\000t\000\344\000t\000\040\000d\000e\000r\000\040\000E\000n\000t\000w\000i\000c\000k\000l\000u\000n\000g\000s\000u\000m\000g\000e\000b\000u\000n\000g}{chapter.7}% 74
\BOOKMARK [2][-]{subsection.7.1.1}{\376\377\000V\000i\000s\000u\000a\000l\000\040\000S\000t\000u\000d\000i\000o\000\040\000C\000o\000d\000e}{section.7.1}% 75
\BOOKMARK [2][-]{subsection.7.1.2}{\376\377\000I\000n\000t\000e\000l\000l\000i\000J\000\040\000I\000D\000E\000A}{section.7.1}% 76
\BOOKMARK [2][-]{subsection.7.1.3}{\376\377\000V\000e\000r\000g\000l\000e\000i\000c\000h}{section.7.1}% 77
\BOOKMARK [1][-]{section.7.2}{\376\377\000P\000e\000r\000f\000o\000r\000m\000a\000n\000c\000e}{chapter.7}% 78
\BOOKMARK [2][-]{subsection.7.2.1}{\376\377\000V\000i\000s\000u\000a\000l\000\040\000S\000t\000u\000d\000i\000o\000\040\000C\000o\000d\000e}{section.7.2}% 79
\BOOKMARK [2][-]{subsection.7.2.2}{\376\377\000I\000n\000t\000e\000l\000l\000i\000J\000\040\000I\000D\000E\000A}{section.7.2}% 80
\BOOKMARK [2][-]{subsection.7.2.3}{\376\377\000V\000e\000r\000g\000l\000e\000i\000c\000h}{section.7.2}% 81
\BOOKMARK [1][-]{section.7.3}{\376\377\000F\000e\000a\000t\000u\000r\000e\000\040\000U\000m\000f\000a\000n\000g}{chapter.7}% 82
\BOOKMARK [2][-]{subsection.7.3.1}{\376\377\000V\000i\000s\000u\000a\000l\000\040\000S\000t\000u\000d\000i\000o\000\040\000C\000o\000d\000e}{section.7.3}% 83
\BOOKMARK [2][-]{subsection.7.3.2}{\376\377\000I\000n\000t\000e\000l\000l\000i\000J\000\040\000I\000D\000E\000A}{section.7.3}% 84
\BOOKMARK [2][-]{subsection.7.3.3}{\376\377\000V\000e\000r\000g\000l\000e\000i\000c\000h}{section.7.3}% 85
\BOOKMARK [1][-]{section.7.4}{\376\377\000I\000n\000t\000u\000i\000t\000i\000v\000i\000t\000\344\000t\000\040\000d\000e\000r\000\040\000A\000P\000I}{chapter.7}% 86
\BOOKMARK [2][-]{subsection.7.4.1}{\376\377\000V\000i\000s\000u\000a\000l\000\040\000S\000t\000u\000d\000i\000o\000\040\000C\000o\000d\000e}{section.7.4}% 87
\BOOKMARK [2][-]{subsection.7.4.2}{\376\377\000I\000n\000t\000e\000l\000l\000i\000J\000\040\000I\000D\000E\000A}{section.7.4}% 88
\BOOKMARK [2][-]{subsection.7.4.3}{\376\377\000V\000e\000r\000g\000l\000e\000i\000c\000h}{section.7.4}% 89
\BOOKMARK [1][-]{section.7.5}{\376\377\000D\000o\000k\000u\000m\000e\000n\000t\000a\000t\000i\000o\000n\000\040\000d\000e\000r\000\040\000A\000P\000I}{chapter.7}% 90
\BOOKMARK [2][-]{subsection.7.5.1}{\376\377\000V\000i\000s\000u\000a\000l\000\040\000S\000t\000u\000d\000i\000o\000\040\000C\000o\000d\000e}{section.7.5}% 91
\BOOKMARK [2][-]{subsection.7.5.2}{\376\377\000I\000n\000t\000e\000l\000l\000i\000J\000\040\000I\000D\000E\000A}{section.7.5}% 92
\BOOKMARK [2][-]{subsection.7.5.3}{\376\377\000V\000e\000r\000g\000l\000e\000i\000c\000h}{section.7.5}% 93
\BOOKMARK [1][-]{section.7.6}{\376\377\000T\000e\000s\000t\000b\000a\000r\000k\000e\000i\000t\000\040\000d\000e\000s\000\040\000P\000l\000u\000g\000i\000n\000s}{chapter.7}% 94
\BOOKMARK [2][-]{subsection.7.6.1}{\376\377\000V\000i\000s\000u\000a\000l\000\040\000S\000t\000u\000d\000i\000o\000\040\000C\000o\000d\000e}{section.7.6}% 95
\BOOKMARK [2][-]{subsection.7.6.2}{\376\377\000I\000n\000t\000e\000l\000l\000i\000J\000\040\000I\000D\000E\000A}{section.7.6}% 96
\BOOKMARK [2][-]{subsection.7.6.3}{\376\377\000V\000e\000r\000g\000l\000e\000i\000c\000h}{section.7.6}% 97
\BOOKMARK [1][-]{section.7.7}{\376\377\000M\000\366\000g\000l\000i\000c\000h\000k\000e\000i\000t\000e\000n\000\040\000d\000e\000s\000\040\000P\000u\000b\000l\000i\000s\000h\000i\000n\000g\000s}{chapter.7}% 98
\BOOKMARK [2][-]{subsection.7.7.1}{\376\377\000V\000i\000s\000u\000a\000l\000\040\000S\000t\000u\000d\000i\000o\000\040\000C\000o\000d\000e}{section.7.7}% 99
\BOOKMARK [2][-]{subsection.7.7.2}{\376\377\000I\000n\000t\000e\000l\000l\000i\000J\000\040\000I\000D\000E\000A}{section.7.7}% 100
\BOOKMARK [2][-]{subsection.7.7.3}{\376\377\000V\000e\000r\000g\000l\000e\000i\000c\000h}{section.7.7}% 101
\BOOKMARK [1][-]{section.7.8}{\376\377\000I\000n\000s\000t\000a\000l\000l\000a\000t\000i\000o\000n\000s\000p\000r\000o\000z\000e\000s\000s\000\040\000d\000e\000s\000\040\000P\000l\000u\000g\000i\000n\000s}{chapter.7}% 102
\BOOKMARK [2][-]{subsection.7.8.1}{\376\377\000V\000i\000s\000u\000a\000l\000\040\000S\000t\000u\000d\000i\000o\000\040\000C\000o\000d\000e}{section.7.8}% 103
\BOOKMARK [2][-]{subsection.7.8.2}{\376\377\000I\000n\000t\000e\000l\000l\000i\000J\000\040\000I\000D\000E\000A}{section.7.8}% 104
\BOOKMARK [2][-]{subsection.7.8.3}{\376\377\000V\000e\000r\000g\000l\000e\000i\000c\000h}{section.7.8}% 105
\BOOKMARK [0][-]{chapter.8}{\376\377\000C\000o\000n\000c\000l\000u\000s\000i\000o\000n}{}% 106
\BOOKMARK [0][-]{appendix.A}{\376\377\000T\000e\000c\000h\000n\000i\000s\000c\000h\000e\000\040\000I\000n\000f\000o\000r\000m\000a\000t\000i\000o\000n\000e\000n}{}% 107
\BOOKMARK [0][-]{appendix*.18}{\376\377\000Q\000u\000e\000l\000l\000e\000n\000v\000e\000r\000z\000e\000i\000c\000h\000n\000i\000s}{}% 108
\BOOKMARK [1][-]{section*.19}{\376\377\000L\000i\000t\000e\000r\000a\000t\000u\000r}{appendix*.18}% 109
\BOOKMARK [1][-]{section*.20}{\376\377\000O\000n\000l\000i\000n\000e\000-\000Q\000u\000e\000l\000l\000e\000n}{appendix*.18}% 110
